<?xml version="1.0" encoding="UTF-8"?>
<!-- Generated by org.testng.reporters.JUnitReportReporter -->
<testsuite hostname="DESKTOP-JCSH58D" failures="0" tests="2" name="runner.RunnerWithTestNG" time="14.175" errors="0" timestamp="04 Apr 2025 15:07:22 GMT" skipped="0">
  <testcase classname="runner.RunnerWithTestNG" name="runScenario" time="7.426"/>
  <testcase classname="runner.RunnerWithTestNG" name="runScenario" time="6.749"/>
</testsuite> <!-- runner.RunnerWithTestNG -->
